\BOOKMARK [1][-]{Doc-Start}{\376\377\000A\000b\000s\000t\000r\000a\000c\000t}{}% 1
\BOOKMARK [1][-]{Doc-Start}{\376\377\000A\000c\000k\000n\000o\000w\000l\000e\000d\000g\000e\000m\000e\000n\000t\000s}{}% 2
\BOOKMARK [1][-]{section.1}{\376\377\000I\000n\000t\000r\000o\000d\000u\000c\000t\000i\000o\000n}{}% 3
\BOOKMARK [2][-]{subsection.1.1}{\376\377\000B\000r\000a\000i\000n\000\040\000o\000r\000g\000a\000n\000o\000i\000d\000s}{section.1}% 4
\BOOKMARK [3][-]{subsubsection.1.1.1}{\376\377\000B\000r\000a\000i\000n\000\040\000o\000r\000g\000a\000n\000o\000i\000d\000\040\000t\000e\000c\000h\000n\000o\000l\000o\000g\000i\000e\000s}{subsection.1.1}% 5
\BOOKMARK [3][-]{subsubsection.1.1.2}{\376\377\000O\000r\000g\000a\000n\000o\000i\000d\000s\000\040\000m\000o\000d\000e\000l\000\040\000b\000r\000a\000i\000n\000\040\000d\000e\000v\000e\000l\000o\000p\000m\000e\000n\000t\000\040\000i\000n\000\040\000v\000i\000t\000r\000o}{subsection.1.1}% 6
\BOOKMARK [3][-]{subsubsection.1.1.3}{\376\377\000A\000p\000p\000l\000i\000c\000a\000t\000i\000o\000n\000s\000\040\000o\000f\000\040\000b\000r\000a\000i\000n\000\040\000o\000r\000g\000a\000n\000o\000i\000d\000s}{subsection.1.1}% 7
\BOOKMARK [2][-]{subsection.1.2}{\376\377\000S\000i\000n\000g\000l\000e\000-\000c\000e\000l\000l\000\040\000g\000e\000n\000o\000m\000i\000c\000s}{section.1}% 8
\BOOKMARK [3][-]{subsubsection.1.2.1}{\376\377\000S\000i\000n\000g\000l\000e\000-\000c\000e\000l\000l\000\040\000t\000r\000a\000n\000s\000c\000r\000i\000p\000t\000o\000m\000i\000c\000s}{subsection.1.2}% 9
\BOOKMARK [3][-]{subsubsection.1.2.2}{\376\377\000S\000i\000n\000g\000l\000e\000-\000c\000e\000l\000l\000\040\000e\000p\000i\000g\000e\000n\000o\000m\000i\000c\000s}{subsection.1.2}% 10
\BOOKMARK [3][-]{subsubsection.1.2.3}{\376\377\000I\000n\000t\000e\000g\000r\000a\000t\000i\000v\000e\000\040\000s\000i\000n\000g\000l\000e\000-\000c\000e\000l\000l\000\040\000m\000u\000l\000t\000i\000-\000o\000m\000i\000c\000s}{subsection.1.2}% 11
\BOOKMARK [3][-]{subsubsection.1.2.4}{\376\377\000I\000n\000f\000e\000r\000e\000n\000c\000e\000\040\000o\000f\000\040\000g\000e\000n\000e\000\040\000r\000e\000g\000u\000l\000a\000t\000o\000r\000y\000\040\000n\000e\000t\000w\000o\000r\000k\000s}{subsection.1.2}% 12
\BOOKMARK [3][-]{subsubsection.1.2.5}{\376\377\000P\000e\000r\000t\000u\000r\000b\000i\000n\000g\000\040\000g\000e\000n\000o\000m\000i\000c\000\040\000c\000i\000r\000c\000u\000i\000t\000s}{subsection.1.2}% 13
\BOOKMARK [2][-]{subsection.1.3}{\376\377\000A\000i\000m\000\040\000a\000n\000d\000\040\000o\000r\000g\000a\000n\000i\000z\000a\000t\000i\000o\000n\000\040\000o\000f\000\040\000t\000h\000i\000s\000\040\000t\000h\000e\000s\000i\000s}{section.1}% 14
\BOOKMARK [1][-]{section.2}{\376\377\000R\000e\000s\000o\000l\000v\000i\000n\000g\000\040\000o\000r\000g\000a\000n\000o\000i\000d\000\040\000b\000r\000a\000i\000n\000\040\000r\000e\000g\000i\000o\000n\000\040\000i\000d\000e\000n\000t\000i\000t\000i\000e\000s\000\040\000b\000y\000\040\000m\000a\000p\000p\000i\000n\000g\000\040\000s\000i\000n\000g\000l\000e\000-\000c\000e\000l\000l\000\040\000g\000e\000n\000o\000m\000i\000c\000\040\000d\000a\000t\000a\000\040\000t\000o\000\040\000r\000e\000f\000e\000r\000e\000n\000c\000e\000\040\000a\000t\000l\000a\000s\000e\000s}{}% 15
\BOOKMARK [2][-]{subsection.2.1}{\376\377\000A\000b\000s\000t\000r\000a\000c\000t}{section.2}% 16
\BOOKMARK [2][-]{subsection.2.2}{\376\377\000I\000n\000t\000r\000o\000d\000u\000c\000t\000i\000o\000n}{section.2}% 17
\BOOKMARK [2][-]{subsection.2.3}{\376\377\000R\000e\000s\000u\000l\000t\000s}{section.2}% 18
\BOOKMARK [2][-]{subsection.2.4}{\376\377\000D\000i\000s\000c\000u\000s\000s\000i\000o\000n}{section.2}% 19
\BOOKMARK [2][-]{subsection.2.5}{\376\377\000M\000e\000t\000h\000o\000d\000s}{section.2}% 20
\BOOKMARK [2][-]{subsection.2.6}{\376\377\000S\000u\000p\000p\000l\000e\000m\000e\000n\000t}{section.2}% 21
\BOOKMARK [1][-]{section.3}{\376\377\000I\000n\000f\000e\000r\000r\000i\000n\000g\000\040\000a\000n\000d\000\040\000p\000e\000r\000t\000u\000r\000b\000i\000n\000g\000\040\000c\000e\000l\000l\000\040\000f\000a\000t\000e\000\040\000r\000e\000g\000u\000l\000o\000m\000e\000s\000\040\000i\000n\000\040\000h\000u\000m\000a\000n\000\040\000b\000r\000a\000i\000n\000\040\000o\000r\000g\000a\000n\000o\000i\000d\000s}{}% 22
\BOOKMARK [2][-]{subsection.3.1}{\376\377\000A\000b\000s\000t\000r\000a\000c\000t}{section.3}% 23
\BOOKMARK [2][-]{subsection.3.2}{\376\377\000M\000a\000i\000n}{section.3}% 24
\BOOKMARK [2][-]{subsection.3.3}{\376\377\000D\000i\000s\000c\000u\000s\000s\000i\000o\000n}{section.3}% 25
\BOOKMARK [2][-]{subsection.3.4}{\376\377\000M\000e\000t\000h\000o\000d\000s}{section.3}% 26
\BOOKMARK [2][-]{subsection.3.5}{\376\377\000S\000u\000p\000p\000l\000e\000m\000e\000n\000t}{section.3}% 27
\BOOKMARK [1][-]{section.4}{\376\377\000S\000i\000n\000g\000l\000e\000-\000c\000e\000l\000l\000\040\000C\000R\000I\000S\000P\000R\000\040\000s\000c\000r\000e\000e\000n\000i\000n\000g\000\040\000i\000n\000\040\000o\000r\000g\000a\000n\000o\000i\000d\000s\000\040\000i\000d\000e\000n\000t\000i\000f\000i\000e\000s\000\040\000o\000r\000i\000g\000i\000n\000s\000\040\000o\000f\000\040\000a\000u\000t\000i\000s\000m}{}% 28
\BOOKMARK [2][-]{subsection.4.1}{\376\377\000A\000b\000s\000t\000r\000a\000c\000t}{section.4}% 29
\BOOKMARK [2][-]{subsection.4.2}{\376\377\000M\000a\000i\000n}{section.4}% 30
\BOOKMARK [2][-]{subsection.4.3}{\376\377\000D\000i\000s\000c\000u\000s\000s\000i\000o\000n}{section.4}% 31
\BOOKMARK [2][-]{subsection.4.4}{\376\377\000M\000e\000t\000h\000o\000d\000s}{section.4}% 32
\BOOKMARK [2][-]{subsection.4.5}{\376\377\000S\000u\000p\000p\000l\000e\000m\000e\000n\000t}{section.4}% 33
\BOOKMARK [1][-]{section.5}{\376\377\000S\000i\000n\000g\000l\000e\000\040\000c\000e\000l\000l\000\040\000e\000p\000i\000g\000e\000n\000o\000m\000i\000c\000\040\000l\000a\000n\000d\000s\000c\000a\000p\000e\000\040\000o\000f\000h\000u\000m\000a\000n\000\040\000b\000r\000a\000i\000n\000\040\000o\000r\000g\000a\000n\000o\000i\000d\000\040\000d\000e\000v\000e\000l\000o\000p\000m\000e\000n\000t}{}% 34
\BOOKMARK [2][-]{subsection.5.1}{\376\377\000A\000b\000s\000t\000r\000a\000c\000t}{section.5}% 35
\BOOKMARK [2][-]{subsection.5.2}{\376\377\000M\000a\000i\000n}{section.5}% 36
\BOOKMARK [2][-]{subsection.5.3}{\376\377\000D\000i\000s\000c\000u\000s\000s\000i\000o\000n}{section.5}% 37
\BOOKMARK [2][-]{subsection.5.4}{\376\377\000M\000e\000t\000h\000o\000d\000s}{section.5}% 38
\BOOKMARK [2][-]{subsection.5.5}{\376\377\000S\000u\000p\000p\000l\000e\000m\000e\000n\000t}{section.5}% 39
\BOOKMARK [1][-]{section.6}{\376\377\000C\000o\000n\000c\000l\000u\000s\000i\000o\000n\000s\000\040\000\046\000\040\000O\000u\000t\000l\000o\000o\000k}{}% 40
\BOOKMARK [2][-]{subsection.6.1}{\376\377\000C\000o\000n\000c\000l\000u\000s\000i\000o\000n\000s}{section.6}% 41
\BOOKMARK [2][-]{subsection.6.2}{\376\377\000O\000u\000t\000l\000o\000o\000k}{section.6}% 42
\BOOKMARK [1][-]{section*.224}{\376\377\000B\000i\000b\000l\000i\000o\000g\000r\000a\000p\000h\000y}{}% 43
