This is XeTeX, Version 3.141592653-2.6-0.999994 (TeX Live 2022) (preloaded format=xelatex 2022.6.6)  25 JUL 2022 10:50
entering extended mode
 restricted \write18 enabled.
 file:line:error style messages enabled.
 %&-line parsing enabled.
**/Users/jfleck/Dropbox/PhD/thesis/latex/thesis_main.tex
(/Users/jfleck/Dropbox/PhD/thesis/latex/thesis_main.tex
LaTeX2e <2021-11-15> patch level 1
L3 programming layer <2022-02-24> (/usr/local/texlive/2022/texmf-dist/tex/latex/base/article.cls
Document Class: article 2021/10/04 v1.4n Standard LaTeX document class
(/usr/local/texlive/2022/texmf-dist/tex/latex/base/size12.clo
File: size12.clo 2021/10/04 v1.4n Standard LaTeX file (size option)
)
\c@part=\count181
\c@section=\count182
\c@subsection=\count183
\c@subsubsection=\count184
\c@paragraph=\count185
\c@subparagraph=\count186
\c@figure=\count187
\c@table=\count188
\abovecaptionskip=\skip47
\belowcaptionskip=\skip48
\bibindent=\dimen138
) (/usr/local/texlive/2022/texmf-dist/tex/latex/base/fontenc.sty
Package: fontenc 2021/04/29 v2.0v Standard LaTeX package
LaTeX Font Info:    Trying to load font information for T1+lmr on input line 112.
 (/usr/local/texlive/2022/texmf-dist/tex/latex/lm/t1lmr.fd
File: t1lmr.fd 2015/05/01 v1.6.1 Font defs for Latin Modern
)) (/usr/local/texlive/2022/texmf-dist/tex/latex/koma-script/scrextend.sty
Package: scrextend 2021/11/13 v3.35 KOMA-Script package (extend other classes with features of KOMA-Script classes)
 (/usr/local/texlive/2022/texmf-dist/tex/latex/koma-script/scrkbase.sty
Package: scrkbase 2021/11/13 v3.35 KOMA-Script package (KOMA-Script-dependent basics and keyval usage)
 (/usr/local/texlive/2022/texmf-dist/tex/latex/koma-script/scrbase.sty
Package: scrbase 2021/11/13 v3.35 KOMA-Script package (KOMA-Script-independent basics and keyval usage)
 (/usr/local/texlive/2022/texmf-dist/tex/latex/koma-script/scrlfile.sty
Package: scrlfile 2021/11/13 v3.35 KOMA-Script package (file load hooks)
 (/usr/local/texlive/2022/texmf-dist/tex/latex/koma-script/scrlfile-hook.sty
Package: scrlfile-hook 2021/11/13 v3.35 KOMA-Script package (using LaTeX hooks)
 (/usr/local/texlive/2022/texmf-dist/tex/latex/koma-script/scrlogo.sty
Package: scrlogo 2021/11/13 v3.35 KOMA-Script package (logo)
))) (/usr/local/texlive/2022/texmf-dist/tex/latex/graphics/keyval.sty
Package: keyval 2014/10/28 v1.15 key=value parser (DPC)
\KV@toks@=\toks16
)
Applying: [2021/05/01] Usage of raw or classic option list on input line 252.
Already applied: [0000/00/00] Usage of raw or classic option list on input line 368.
))) (/usr/local/texlive/2022/texmf-dist/tex/latex/listing/listing.sty
Package: listing 1999/05/25

Package `listing', V1.2, <1999/05/25>
\c@listing=\count189
) (/usr/local/texlive/2022/texmf-dist/tex/latex/tools/layout.sty
Package: layout 2021-03-10 v1.2e Show layout parameters
\oneinch=\count190
\cnt@paperwidth=\count191
\cnt@paperheight=\count192
\cnt@hoffset=\count193
\cnt@voffset=\count194
\cnt@textheight=\count195
\cnt@textwidth=\count196
\cnt@topmargin=\count197
\cnt@oddsidemargin=\count198
\cnt@evensidemargin=\count199
\cnt@headheight=\count266
\cnt@headsep=\count267
\cnt@marginparsep=\count268
\cnt@marginparwidth=\count269
\cnt@marginparpush=\count270
\cnt@footskip=\count271
\fheight=\count272
\ref@top=\count273
\ref@hoffset=\count274
\ref@voffset=\count275
\ref@head=\count276
\ref@body=\count277
\ref@foot=\count278
\ref@margin=\count279
\ref@marginwidth=\count280
\ref@marginpar=\count281
\Interval=\count282
\ExtraYPos=\count283
\PositionX=\count284
\PositionY=\count285
\ArrowLength=\count286
) (/usr/local/texlive/2022/texmf-dist/tex/latex/setspace/setspace.sty
Package: setspace 2011/12/19 v6.7a set line spacing
) (/usr/local/texlive/2022/texmf-dist/tex/latex/geometry/geometry.sty
Package: geometry 2020/01/02 v5.9 Page Geometry
 (/usr/local/texlive/2022/texmf-dist/tex/generic/iftex/ifvtex.sty
Package: ifvtex 2019/10/25 v1.7 ifvtex legacy package. Use iftex instead.
 (/usr/local/texlive/2022/texmf-dist/tex/generic/iftex/iftex.sty
Package: iftex 2022/02/03 v1.0f TeX engine tests
))
\Gm@cnth=\count287
\Gm@cntv=\count288
\c@Gm@tempcnt=\count289
\Gm@bindingoffset=\dimen139
\Gm@wd@mp=\dimen140
\Gm@odd@mp=\dimen141
\Gm@even@mp=\dimen142
\Gm@layoutwidth=\dimen143
\Gm@layoutheight=\dimen144
\Gm@layouthoffset=\dimen145
\Gm@layoutvoffset=\dimen146
\Gm@dimlist=\toks17
) (/usr/local/texlive/2022/texmf-dist/tex/latex/fontspec/fontspec.sty (/usr/local/texlive/2022/texmf-dist/tex/latex/l3packages/xparse/xparse.sty (/usr/local/texlive/2022/texmf-dist/tex/latex/l3kernel/expl3.sty
Package: expl3 2022-02-24 L3 programming layer (loader) 
 (/usr/local/texlive/2022/texmf-dist/tex/latex/l3backend/l3backend-xetex.def
File: l3backend-xetex.def 2022-02-07 L3 backend support: XeTeX
 (|extractbb --version)
\c__kernel_sys_dvipdfmx_version_int=\count290
\l__color_backend_stack_int=\count291
\g__color_backend_stack_int=\count292
\g__graphics_track_int=\count293
\l__pdf_internal_box=\box50
\g__pdf_backend_object_int=\count294
\g__pdf_backend_annotation_int=\count295
\g__pdf_backend_link_int=\count296
))
Package: xparse 2022-01-12 L3 Experimental document command parser
)
Package: fontspec 2022/01/15 v2.8a Font selection for XeLaTeX and LuaLaTeX
 (/usr/local/texlive/2022/texmf-dist/tex/latex/fontspec/fontspec-xetex.sty
Package: fontspec-xetex 2022/01/15 v2.8a Font selection for XeLaTeX and LuaLaTeX
\l__fontspec_script_int=\count297
\l__fontspec_language_int=\count298
\l__fontspec_strnum_int=\count299
\l__fontspec_tmp_int=\count300
\l__fontspec_tmpa_int=\count301
\l__fontspec_tmpb_int=\count302
\l__fontspec_tmpc_int=\count303
\l__fontspec_em_int=\count304
\l__fontspec_emdef_int=\count305
\l__fontspec_strong_int=\count306
\l__fontspec_strongdef_int=\count307
\l__fontspec_tmpa_dim=\dimen147
\l__fontspec_tmpb_dim=\dimen148
\l__fontspec_tmpc_dim=\dimen149
 (/usr/local/texlive/2022/texmf-dist/tex/latex/base/fontenc.sty
Package: fontenc 2021/04/29 v2.0v Standard LaTeX package
) (/usr/local/texlive/2022/texmf-dist/tex/latex/fontspec/fontspec.cfg)))

Package fontspec Info: Font family 'AdobeGaramondPro(0)' created for font
(fontspec)             'Adobe Garamond Pro' with options [Ligatures=TeX].
(fontspec)              
(fontspec)              This font family consists of the following NFSS
(fontspec)             series/shapes:
(fontspec)              
(fontspec)             - 'normal' (m/n) with NFSS spec.: <->"Adobe Garamond
(fontspec)             Pro/OT:script=latn;language=dflt;mapping=tex-text;"
(fontspec)             - 'small caps'  (m/sc) with NFSS spec.: <->"Adobe
(fontspec)             Garamond
(fontspec)             Pro/OT:script=latn;language=dflt;+smcp;mapping=tex-text;"
(fontspec)             - 'bold' (b/n) with NFSS spec.: <->"Adobe Garamond
(fontspec)             Pro/B/OT:script=latn;language=dflt;mapping=tex-text;"
(fontspec)             - 'bold small caps'  (b/sc) with NFSS spec.: <->"Adobe
(fontspec)             Garamond
(fontspec)             Pro/B/OT:script=latn;language=dflt;+smcp;mapping=tex-text;"
(fontspec)             - 'italic' (m/it) with NFSS spec.: <->"Adobe Garamond
(fontspec)             Pro/I/OT:script=latn;language=dflt;mapping=tex-text;"
(fontspec)             - 'italic small caps'  (m/scit) with NFSS spec.: 
(fontspec)             - 'bold italic' (b/it) with NFSS spec.: <->"Adobe
(fontspec)             Garamond
(fontspec)             Pro/BI/OT:script=latn;language=dflt;mapping=tex-text;"
(fontspec)             - 'bold italic small caps'  (b/scit) with NFSS spec.: 


Package fontspec Info: Font family 'Futura(0)' created for font 'Futura' with
(fontspec)             options [Ligatures=TeX].
(fontspec)              
(fontspec)              This font family consists of the following NFSS
(fontspec)             series/shapes:
(fontspec)              
(fontspec)             - 'normal' (m/n) with NFSS spec.:
(fontspec)             <->"Futura/AAT:mapping=tex-text;"
(fontspec)             - 'small caps'  (m/sc) with NFSS spec.: 
(fontspec)             - 'bold' (b/n) with NFSS spec.:
(fontspec)             <->"Futura/B/AAT:mapping=tex-text;"
(fontspec)             - 'bold small caps'  (b/sc) with NFSS spec.: 
(fontspec)             - 'italic' (m/it) with NFSS spec.:
(fontspec)             <->"Futura/I/AAT:mapping=tex-text;"
(fontspec)             - 'italic small caps'  (m/scit) with NFSS spec.: 
(fontspec)             - 'bold italic' (b/it) with NFSS spec.:
(fontspec)             <->"Futura/BI/AAT:mapping=tex-text;"
(fontspec)             - 'bold italic small caps'  (b/scit) with NFSS spec.: 

 (/usr/local/texlive/2022/texmf-dist/tex/latex/seqsplit/seqsplit.sty
Package: seqsplit 2006/08/07 v0.1 Splitting long sequences (DNA, RNA, proteins, etc.) 
) (/usr/local/texlive/2022/texmf-dist/tex/latex/titlesec/titlesec.sty
Package: titlesec 2021/07/05 v2.14 Sectioning titles
\ttl@box=\box51
\beforetitleunit=\skip49
\aftertitleunit=\skip50
\ttl@plus=\dimen150
\ttl@minus=\dimen151
\ttl@toksa=\toks18
\titlewidth=\dimen152
\titlewidthlast=\dimen153
\titlewidthfirst=\dimen154
) (/usr/local/texlive/2022/texmf-dist/tex/latex/sectsty/sectsty.sty
Package: sectsty 2002/02/25 v2.0.2 Commands to change all sectional heading styles


LaTeX Warning: Command \underbar  has changed.
               Check if current package is valid.


LaTeX Warning: Command \underline  has changed.
               Check if current package is valid.

) (/usr/local/texlive/2022/texmf-dist/tex/latex/fancyhdr/fancyhdr.sty
Package: fancyhdr 2021/01/28 v4.0.1 Extensive control of page headers and footers
\f@nch@headwidth=\skip51
\f@nch@O@elh=\skip52
\f@nch@O@erh=\skip53
\f@nch@O@olh=\skip54
\f@nch@O@orh=\skip55
\f@nch@O@elf=\skip56
\f@nch@O@erf=\skip57
\f@nch@O@olf=\skip58
\f@nch@O@orf=\skip59
) (/usr/local/texlive/2022/texmf-dist/tex/latex/graphics/graphicx.sty
Package: graphicx 2021/09/16 v1.2d Enhanced LaTeX Graphics (DPC,SPQR)
 (/usr/local/texlive/2022/texmf-dist/tex/latex/graphics/graphics.sty
Package: graphics 2021/03/04 v1.4d Standard LaTeX Graphics (DPC,SPQR)
 (/usr/local/texlive/2022/texmf-dist/tex/latex/graphics/trig.sty
Package: trig 2021/08/11 v1.11 sin cos tan (DPC)
) (/usr/local/texlive/2022/texmf-dist/tex/latex/graphics-cfg/graphics.cfg
File: graphics.cfg 2016/06/04 v1.11 sample graphics configuration
)
Package graphics Info: Driver file: xetex.def on input line 107.
 (/usr/local/texlive/2022/texmf-dist/tex/latex/graphics-def/xetex.def
File: xetex.def 2021/03/18 v5.0k Graphics/color driver for xetex
))
\Gin@req@height=\dimen155
\Gin@req@width=\dimen156
) (/usr/local/texlive/2022/texmf-dist/tex/latex/subfigure/subfigure.sty
Package: subfigure 2002/03/15 v2.1.5 subfigure package
\subfigtopskip=\skip60
\subfigcapskip=\skip61
\subfigcaptopadj=\dimen157
\subfigbottomskip=\skip62
\subfigcapmargin=\dimen158
\subfiglabelskip=\skip63
\c@subfigure=\count308
\c@lofdepth=\count309
\c@subtable=\count310
\c@lotdepth=\count311

****************************************
* Local config file subfigure.cfg used *
****************************************
(/usr/local/texlive/2022/texmf-dist/tex/latex/subfigure/subfigure.cfg)
\subfig@top=\skip64
\subfig@bottom=\skip65
) (/usr/local/texlive/2022/texmf-dist/tex/latex/float/float.sty
Package: float 2001/11/08 v1.3d Float enhancements (AL)
\c@float@type=\count312
\float@exts=\toks19
\float@box=\box52
\@float@everytoks=\toks20
\@floatcapt=\box53
) (/usr/local/texlive/2022/texmf-dist/tex/latex/ccaption/ccaption.sty
Package: ccaption 2011/08/07 v3.2c Extended captioning and new floats
\@contcwidth=\skip66
\@contindw=\skip67
\abovelegendskip=\skip68
\belowlegendskip=\skip69
\c@newflo@tctr=\count313
) (/usr/local/texlive/2022/texmf-dist/tex/latex/caption/caption.sty
Package: caption 2022/03/01 v3.6b Customizing captions (AR)
 (/usr/local/texlive/2022/texmf-dist/tex/latex/caption/caption3.sty
Package: caption3 2022/03/17 v2.3b caption3 kernel (AR)
\caption@tempdima=\dimen159
\captionmargin=\dimen160
\caption@leftmargin=\dimen161
\caption@rightmargin=\dimen162
\caption@width=\dimen163
\caption@indent=\dimen164
\caption@parindent=\dimen165
\caption@hangindent=\dimen166
Package caption Info: Unknown document class (or package),
(caption)             standard defaults will be used.
Package caption Info: \@makecaption = \long macro:#1#2->\let \@conttempa \relax \ifdim \prevdepth >-99\p@ \vskip \abovecaptionskip \else \def \@conttempa {\vbox to\topskip {}}\fi \let \@contfnote \footnote \renewcommand {\footnote }[2][]{} \let \@contfmark \footnotemark \renewcommand {\footnotemark }[1][]{} \let \@contlabel \label \renewcommand {\label }[1]{} \sbox \@tempboxa {\@contnfont #1\@contdelim \@conttfont #2} \let \footnote \@contfnote \let \footnotemark \@contfmark \let \label \@contlabel \ifdim \wd \@tempboxa <\linewidth \centering \fi \if@contcw \centering \parbox {\@contcwidth }{\fi \if@conthang \sbox \@tempboxa {\@contnfont #1\@contdelim } \@contpre {\@contnfont #1\@contdelim }\@conttempa {\@contcstyle \hangindent =\wd \@tempboxa \hangafter =\@ne \@conttfont #2\par } \else \if@contindent \@contpre {\@contnfont #1\@contdelim }\@conttempa {\@contcstyle \hangindent =\@contindw \hangafter =\@ne \@conttfont #2\par } \else \@contpre {\@contnfont #1\@contdelim }\@conttempa {\@contcstyle \@conttfont #2\par } \fi \fi \@contpost \if@contcw \par } \fi \vskip \belowcaptionskip  on input line 1176.
)

Package caption Warning: Unknown document class (or package),
(caption)                standard defaults will be used.
See the caption package documentation for explanation.

\c@caption@flags=\count314
\c@continuedfloat=\count315
Package caption Info: float package is loaded.
Package caption Info: subfigure package is loaded.
) (/usr/local/texlive/2022/texmf-dist/tex/latex/booktabs/booktabs.sty
Package: booktabs 2020/01/12 v1.61803398 Publication quality tables
\heavyrulewidth=\dimen167
\lightrulewidth=\dimen168
\cmidrulewidth=\dimen169
\belowrulesep=\dimen170
\belowbottomsep=\dimen171
\aboverulesep=\dimen172
\abovetopsep=\dimen173
\cmidrulesep=\dimen174
\cmidrulekern=\dimen175
\defaultaddspace=\dimen176
\@cmidla=\count316
\@cmidlb=\count317
\@aboverulesep=\dimen177
\@belowrulesep=\dimen178
\@thisruleclass=\count318
\@lastruleclass=\count319
\@thisrulewidth=\dimen179
) (/usr/local/texlive/2022/texmf-dist/tex/latex/tools/longtable.sty
Package: longtable 2021-09-01 v4.17 Multi-page Table package (DPC)
\LTleft=\skip70
\LTright=\skip71
\LTpre=\skip72
\LTpost=\skip73
\LTchunksize=\count320
\LTcapwidth=\dimen180
\LT@head=\box54
\LT@firsthead=\box55
\LT@foot=\box56
\LT@lastfoot=\box57
\LT@gbox=\box58
\LT@cols=\count321
\LT@rows=\count322
\c@LT@tables=\count323
\c@LT@chunks=\count324
\LT@p@ftn=\toks21
) (/usr/local/texlive/2022/texmf-dist/tex/latex/multirow/multirow.sty
Package: multirow 2021/03/15 v2.8 Span multiple rows of a table
\multirow@colwidth=\skip74
\multirow@cntb=\count325
\multirow@dima=\skip75
\bigstrutjot=\dimen181
) (/usr/local/texlive/2022/texmf-dist/tex/latex/graphics/rotating.sty
Package: rotating 2016/08/11 v2.16d rotated objects in LaTeX
 (/usr/local/texlive/2022/texmf-dist/tex/latex/base/ifthen.sty
Package: ifthen 2020/11/24 v1.1c Standard LaTeX ifthen package (DPC)
)
\c@r@tfl@t=\count326
\rotFPtop=\skip76
\rotFPbot=\skip77
\rot@float@box=\box59
\rot@mess@toks=\toks22
) (/usr/local/texlive/2022/texmf-dist/tex/latex/arydshln/arydshln.sty
Package: arydshln 2019/02/21 v1.76 
\dashlinedash=\dimen182
\dashlinegap=\dimen183
\adl@box=\box60
\adl@height=\dimen184
\adl@heightsave=\dimen185
\adl@depth=\dimen186
\adl@depthsave=\dimen187
\adl@finaldepth=\dimen188
\adl@columns=\count327
\adl@ncol=\count328
\adl@currentcolumn=\count329
\adl@currentcolumnsave=\count330
\adl@totalheight=\count331
\adl@totalheightsave=\count332
\adl@dash=\count333
\adl@gap=\count334
\adl@cla=\count335
\adl@clb=\count336
\adl@everyvbox=\toks23
\adl@LTpagetotal=\dimen189
) (/usr/local/texlive/2022/texmf-dist/tex/latex/csvsimple/csvsimple.sty (/usr/local/texlive/2022/texmf-dist/tex/latex/l3packages/l3keys2e/l3keys2e.sty
Package: l3keys2e 2022-01-12 LaTeX2e option processing using LaTeX3 keys
)
Package: csvsimple 2022/02/01 v2.3.0 LaTeX CSV file processing
) (/usr/local/texlive/2022/texmf-dist/tex/latex/csvsimple/csvsimple-legacy.sty
Package: csvsimple-legacy 2022/02/01 version 2.3.0 LaTeX2e CSV file processing
 (/usr/local/texlive/2022/texmf-dist/tex/latex/pgf/utilities/pgfrcs.sty (/usr/local/texlive/2022/texmf-dist/tex/generic/pgf/utilities/pgfutil-common.tex
\pgfutil@everybye=\toks24
\pgfutil@tempdima=\dimen190
\pgfutil@tempdimb=\dimen191
 (/usr/local/texlive/2022/texmf-dist/tex/generic/pgf/utilities/pgfutil-common-lists.tex)) (/usr/local/texlive/2022/texmf-dist/tex/generic/pgf/utilities/pgfutil-latex.def
\pgfutil@abb=\box61
) (/usr/local/texlive/2022/texmf-dist/tex/generic/pgf/utilities/pgfrcs.code.tex (/usr/local/texlive/2022/texmf-dist/tex/generic/pgf/pgf.revision.tex)
Package: pgfrcs 2021/05/15 v3.1.9a (3.1.9a)
)) (/usr/local/texlive/2022/texmf-dist/tex/latex/pgf/utilities/pgfkeys.sty (/usr/local/texlive/2022/texmf-dist/tex/generic/pgf/utilities/pgfkeys.code.tex
\pgfkeys@pathtoks=\toks25
\pgfkeys@temptoks=\toks26
 (/usr/local/texlive/2022/texmf-dist/tex/generic/pgf/utilities/pgfkeysfiltered.code.tex
\pgfkeys@tmptoks=\toks27
))) (/usr/local/texlive/2022/texmf-dist/tex/latex/etoolbox/etoolbox.sty
Package: etoolbox 2020/10/05 v2.5k e-TeX tools for LaTeX (JAW)
\etb@tempcnta=\count337
) (/usr/local/texlive/2022/texmf-dist/tex/latex/tools/shellesc.sty
Package: shellesc 2019/11/08 v1.0c unified shell escape interface for LaTeX
Package shellesc Info: Restricted shell escape enabled on input line 77.
)
\csv@file=\read2
\c@csvinputline=\count338
\c@csvrow=\count339
\c@csvcol=\count340
\csv@out=\write3
) (/usr/local/texlive/2022/texmf-dist/tex/latex/tools/array.sty
Package: array 2021/10/04 v2.5f Tabular extension package (FMi)
\col@sep=\dimen192
\ar@mcellbox=\box62
\extrarowheight=\dimen193
\NC@list=\toks28
\extratabsurround=\skip78
\backup@length=\skip79
\ar@cellbox=\box63
) (/usr/local/texlive/2022/texmf-dist/tex/latex/acronym/acronym.sty
Package: acronym 2020/04/17 v1.47 Support for acronyms (Tobias Oetiker)
 (/usr/local/texlive/2022/texmf-dist/tex/latex/bigfoot/suffix.sty
Package: suffix 2006/07/15 1.5a Variant command support
) (/usr/local/texlive/2022/texmf-dist/tex/generic/xstring/xstring.sty (/usr/local/texlive/2022/texmf-dist/tex/generic/xstring/xstring.tex
\integerpart=\count341
\decimalpart=\count342
)
Package: xstring 2021/07/21 v1.84 String manipulations (CT)
)
\AC@clearlist=\toks29
) (/usr/local/texlive/2022/texmf-dist/tex/latex/adjustbox/adjustbox.sty
Package: adjustbox 2020/08/19 v1.3 Adjusting TeX boxes (trim, clip, ...)
 (/usr/local/texlive/2022/texmf-dist/tex/latex/xkeyval/xkeyval.sty
Package: xkeyval 2020/11/20 v2.8 package option processing (HA)
 (/usr/local/texlive/2022/texmf-dist/tex/generic/xkeyval/xkeyval.tex (/usr/local/texlive/2022/texmf-dist/tex/generic/xkeyval/xkvutils.tex
\XKV@toks=\toks30
\XKV@tempa@toks=\toks31
)
\XKV@depth=\count343
File: xkeyval.tex 2014/12/03 v2.7a key=value parser (HA)
)) (/usr/local/texlive/2022/texmf-dist/tex/latex/adjustbox/adjcalc.sty
Package: adjcalc 2012/05/16 v1.1 Provides advanced setlength with multiple back-ends (calc, etex, pgfmath)
) (/usr/local/texlive/2022/texmf-dist/tex/latex/adjustbox/trimclip.sty
Package: trimclip 2020/08/19 v1.2 Trim and clip general TeX material
 (/usr/local/texlive/2022/texmf-dist/tex/latex/collectbox/collectbox.sty
Package: collectbox 2012/05/17 v0.4b Collect macro arguments as boxes
\collectedbox=\box64
)
\tc@llx=\dimen194
\tc@lly=\dimen195
\tc@urx=\dimen196
\tc@ury=\dimen197
Package trimclip Info: Using driver 'tc-xetex.def'.
 (/usr/local/texlive/2022/texmf-dist/tex/latex/adjustbox/tc-xetex.def
File: tc-xetex.def 2019/01/04 v2.2 Clipping driver for xetex
))
\adjbox@Width=\dimen198
\adjbox@Height=\dimen199
\adjbox@Depth=\dimen256
\adjbox@Totalheight=\dimen257
\adjbox@pwidth=\dimen258
\adjbox@pheight=\dimen259
\adjbox@pdepth=\dimen260
\adjbox@ptotalheight=\dimen261
 (/usr/local/texlive/2022/texmf-dist/tex/latex/ifoddpage/ifoddpage.sty
Package: ifoddpage 2016/04/23 v1.1 Conditionals for odd/even page detection
\c@checkoddpage=\count344
) (/usr/local/texlive/2022/texmf-dist/tex/latex/varwidth/varwidth.sty
Package: varwidth 2009/03/30 ver 0.92;  Variable-width minipages
\@vwid@box=\box65
\sift@deathcycles=\count345
\@vwid@loff=\dimen262
\@vwid@roff=\dimen263
)) (/usr/local/texlive/2022/texmf-dist/tex/latex/lipsum/lipsum.sty
Package: lipsum 2021-09-20 v2.7 150 paragraphs of Lorem Ipsum dummy text
\g__lipsum_par_int=\count346
\l__lipsum_a_int=\count347
\l__lipsum_b_int=\count348
 (/usr/local/texlive/2022/texmf-dist/tex/latex/lipsum/lipsum.ltd.tex)) (/usr/local/texlive/2022/texmf-dist/tex/latex/hyperref/hyperref.sty
Package: hyperref 2022-02-21 v7.00n Hypertext links for LaTeX
 (/usr/local/texlive/2022/texmf-dist/tex/generic/ltxcmds/ltxcmds.sty
Package: ltxcmds 2020-05-10 v1.25 LaTeX kernel commands for general use (HO)
) (/usr/local/texlive/2022/texmf-dist/tex/generic/pdftexcmds/pdftexcmds.sty
Package: pdftexcmds 2020-06-27 v0.33 Utility functions of pdfTeX for LuaTeX (HO)
 (/usr/local/texlive/2022/texmf-dist/tex/generic/infwarerr/infwarerr.sty
Package: infwarerr 2019/12/03 v1.5 Providing info/warning/error messages (HO)
)
Package pdftexcmds Info: \pdf@primitive is available.
Package pdftexcmds Info: \pdf@ifprimitive is available.
Package pdftexcmds Info: \pdfdraftmode not found.
) (/usr/local/texlive/2022/texmf-dist/tex/generic/kvsetkeys/kvsetkeys.sty
Package: kvsetkeys 2019/12/15 v1.18 Key value parser (HO)
) (/usr/local/texlive/2022/texmf-dist/tex/generic/kvdefinekeys/kvdefinekeys.sty
Package: kvdefinekeys 2019-12-19 v1.6 Define keys (HO)
) (/usr/local/texlive/2022/texmf-dist/tex/generic/pdfescape/pdfescape.sty
Package: pdfescape 2019/12/09 v1.15 Implements pdfTeX's escape features (HO)
) (/usr/local/texlive/2022/texmf-dist/tex/latex/hycolor/hycolor.sty
Package: hycolor 2020-01-27 v1.10 Color options for hyperref/bookmark (HO)
) (/usr/local/texlive/2022/texmf-dist/tex/latex/letltxmacro/letltxmacro.sty
Package: letltxmacro 2019/12/03 v1.6 Let assignment for LaTeX macros (HO)
) (/usr/local/texlive/2022/texmf-dist/tex/latex/auxhook/auxhook.sty
Package: auxhook 2019-12-17 v1.6 Hooks for auxiliary files (HO)
) (/usr/local/texlive/2022/texmf-dist/tex/latex/kvoptions/kvoptions.sty
Package: kvoptions 2020-10-07 v3.14 Key value format for package options (HO)
)
\@linkdim=\dimen264
\Hy@linkcounter=\count349
\Hy@pagecounter=\count350
 (/usr/local/texlive/2022/texmf-dist/tex/latex/hyperref/pd1enc.def
File: pd1enc.def 2022-02-21 v7.00n Hyperref: PDFDocEncoding definition (HO)
) (/usr/local/texlive/2022/texmf-dist/tex/generic/intcalc/intcalc.sty
Package: intcalc 2019/12/15 v1.3 Expandable calculations with integers (HO)
) (/usr/local/texlive/2022/texmf-dist/tex/generic/etexcmds/etexcmds.sty
Package: etexcmds 2019/12/15 v1.7 Avoid name clashes with e-TeX commands (HO)
)
\Hy@SavedSpaceFactor=\count351
 (/usr/local/texlive/2022/texmf-dist/tex/latex/hyperref/puenc.def
File: puenc.def 2022-02-21 v7.00n Hyperref: PDF Unicode definition (HO)
)
Package hyperref Info: Hyper figures OFF on input line 4137.
Package hyperref Info: Link nesting OFF on input line 4142.
Package hyperref Info: Hyper index ON on input line 4145.
Package hyperref Info: Plain pages OFF on input line 4152.
Package hyperref Info: Backreferencing OFF on input line 4157.
Package hyperref Info: Implicit mode ON; LaTeX internals redefined.
Package hyperref Info: Bookmarks ON on input line 4390.
\c@Hy@tempcnt=\count352
 (/usr/local/texlive/2022/texmf-dist/tex/latex/url/url.sty
\Urlmuskip=\muskip16
Package: url 2013/09/16  ver 3.4  Verb mode for urls, etc.
)
LaTeX Info: Redefining \url on input line 4749.
\XeTeXLinkMargin=\dimen265
 (/usr/local/texlive/2022/texmf-dist/tex/generic/bitset/bitset.sty
Package: bitset 2019/12/09 v1.3 Handle bit-vector datatype (HO)
 (/usr/local/texlive/2022/texmf-dist/tex/generic/bigintcalc/bigintcalc.sty
Package: bigintcalc 2019/12/15 v1.5 Expandable calculations on big integers (HO)
))
\Fld@menulength=\count353
\Field@Width=\dimen266
\Fld@charsize=\dimen267
Package hyperref Info: Hyper figures OFF on input line 6027.
Package hyperref Info: Link nesting OFF on input line 6032.
Package hyperref Info: Hyper index ON on input line 6035.
Package hyperref Info: backreferencing OFF on input line 6042.
Package hyperref Info: Link coloring OFF on input line 6047.
Package hyperref Info: Link coloring with OCG OFF on input line 6052.
Package hyperref Info: PDF/A mode OFF on input line 6057.
LaTeX Info: Redefining \ref on input line 6097.
LaTeX Info: Redefining \pageref on input line 6101.
 (/usr/local/texlive/2022/texmf-dist/tex/latex/base/atbegshi-ltx.sty
Package: atbegshi-ltx 2021/01/10 v1.0c Emulation of the original atbegshi
package with kernel methods
)
\Hy@abspage=\count354
\c@Item=\count355
\c@Hfootnote=\count356
)
Package hyperref Info: Driver (autodetected): hxetex.
 (/usr/local/texlive/2022/texmf-dist/tex/latex/hyperref/hxetex.def
File: hxetex.def 2022-02-21 v7.00n Hyperref driver for XeTeX
 (/usr/local/texlive/2022/texmf-dist/tex/generic/stringenc/stringenc.sty
Package: stringenc 2019/11/29 v1.12 Convert strings between diff. encodings (HO)
)
\pdfm@box=\box66
\c@Hy@AnnotLevel=\count357
\HyField@AnnotCount=\count358
\Fld@listcount=\count359
\c@bookmark@seq@number=\count360
 (/usr/local/texlive/2022/texmf-dist/tex/latex/rerunfilecheck/rerunfilecheck.sty
Package: rerunfilecheck 2019/12/05 v1.9 Rerun checks for auxiliary files (HO)
 (/usr/local/texlive/2022/texmf-dist/tex/latex/base/atveryend-ltx.sty
Package: atveryend-ltx 2020/08/19 v1.0a Emulation of the original atveryend package
with kernel methods
) (/usr/local/texlive/2022/texmf-dist/tex/generic/uniquecounter/uniquecounter.sty
Package: uniquecounter 2019/12/15 v1.4 Provide unlimited unique counter (HO)
)
Package uniquecounter Info: New unique counter `rerunfilecheck' on input line 286.
)
\Hy@SectionHShift=\skip80
) (/usr/local/texlive/2022/texmf-dist/tex/latex/dnaseq/dnaseq.sty
Package: dnaseq 2002/05/20 v0.01 dna sequence setter
 (/usr/local/texlive/2022/texmf-dist/tex/latex/graphics/color.sty
Package: color 2021/12/07 v1.3c Standard LaTeX Color (DPC)
 (/usr/local/texlive/2022/texmf-dist/tex/latex/graphics-cfg/color.cfg
File: color.cfg 2016/01/02 v1.6 sample color configuration
)
Package color Info: Driver file: xetex.def on input line 149.
)
Invalid UTF-8 byte or sequence at line 33 replaced by U+FFFD.
\bl@cklen=\skip81
\l@neln=\skip82
\t@mpln=\skip83
\ch@rwd=\skip84
\blocks=\count361
) (/usr/local/texlive/2022/texmf-dist/tex/latex/texshade/texshade.sty
Package: texshade 2021/04/01 LaTeX TeXshade (v1.26)
 Package `texshade', Version 1.26 of 2021/04/01.
\structurefile=\read3
\featurefile=\write4
\alignfile=\read4
\sublogofile=\read5
\exp@rtfile=\write5
\exp@rt@chimerafile=\write6
 (/usr/local/texlive/2022/texmf-dist/tex/latex/amsfonts/amssymb.sty
Package: amssymb 2013/01/14 v3.01 AMS font symbols
 (/usr/local/texlive/2022/texmf-dist/tex/latex/amsfonts/amsfonts.sty
Package: amsfonts 2013/01/14 v3.01 Basic AMSFonts support
\@emptytoks=\toks32
\symAMSa=\mathgroup4
\symAMSb=\mathgroup5
LaTeX Font Info:    Redeclaring math symbol \hbar on input line 98.
LaTeX Font Info:    Overwriting math alphabet `\mathfrak' in version `bold'
(Font)                  U/euf/m/n --> U/euf/b/n on input line 106.
))
\symalphahelix=\mathgroup6
\loopcount=\count362
\innerloopcount=\count363
\outerloopcount=\count364
\seq@count=\count365
\killseq@count=\count366
\seq@percent=\count367
\res@count=\count368
\seq@pointer=\count369
\pos@count=\count370
\res@perline=\count371
\end@count=\count372
\cons@count=\count373
\total@count=\count374
\temp@count=\count375
\triple@count=\count376
\temp@@count=\count377
\pos@sum=\count378
\box@width=\skip85
\name@width=\skip86
\box@depth=\skip87
\width@tmp=\skip88
\box@height=\skip89
\number@width=\skip90
\line@stretch=\skip91
\center@fill=\skip92
\arrow@width=\skip93
\arrow@height=\skip94
\rule@thick=\skip95
\arrow@thick=\skip96
\logo@height=\skip97
\equal@width=\skip98
\equal@tmp=\skip99
\equal@height=\skip100
\temp@@length=\skip101
\vspace@legend=\skip102
\hspace@legend=\skip103
\bar@length=\skip104
Package color Info: Redefining color LightGray on input line 1716.
Package color Info: Redefining color LightLightGray on input line 1817.
Package color Info: Redefining color LightLightLightGray on input line 1919.
) (/usr/local/texlive/2022/texmf-dist/tex/latex/mhchem/mhchem.sty
Package: mhchem 2021/12/31 v4.09 for typesetting chemical formulae
 (/usr/local/texlive/2022/texmf-dist/tex/latex/tools/calc.sty
Package: calc 2017/05/25 v4.3 Infix arithmetic (KKT,FJ)
\calc@Acount=\count379
\calc@Bcount=\count380
\calc@Adimen=\dimen268
\calc@Bdimen=\dimen269
\calc@Askip=\skip105
\calc@Bskip=\skip106
LaTeX Info: Redefining \setlength on input line 80.
LaTeX Info: Redefining \addtolength on input line 81.
\calc@Ccount=\count381
\calc@Cskip=\skip107
) (/usr/local/texlive/2022/texmf-dist/tex/latex/amsmath/amsmath.sty
Package: amsmath 2021/10/15 v2.17l AMS math features
\@mathmargin=\skip108

For additional information on amsmath, use the `?' option.
(/usr/local/texlive/2022/texmf-dist/tex/latex/amsmath/amstext.sty
Package: amstext 2021/08/26 v2.01 AMS text
 (/usr/local/texlive/2022/texmf-dist/tex/latex/amsmath/amsgen.sty
File: amsgen.sty 1999/11/30 v2.0 generic functions
\@emptytoks=\toks33
\ex@=\dimen270
)) (/usr/local/texlive/2022/texmf-dist/tex/latex/amsmath/amsbsy.sty
Package: amsbsy 1999/11/29 v1.2d Bold Symbols
\pmbraise@=\dimen271
) (/usr/local/texlive/2022/texmf-dist/tex/latex/amsmath/amsopn.sty
Package: amsopn 2021/08/26 v2.02 operator names
)
\inf@bad=\count382
LaTeX Info: Redefining \frac on input line 234.
\uproot@=\count383
\leftroot@=\count384
LaTeX Info: Redefining \overline on input line 399.
\classnum@=\count385
\DOTSCASE@=\count386
LaTeX Info: Redefining \ldots on input line 496.
LaTeX Info: Redefining \dots on input line 499.
LaTeX Info: Redefining \cdots on input line 620.
\Mathstrutbox@=\box67
\strutbox@=\box68
\big@size=\dimen272
LaTeX Font Info:    Redeclaring font encoding OML on input line 743.
LaTeX Font Info:    Redeclaring font encoding OMS on input line 744.
\macc@depth=\count387
\c@MaxMatrixCols=\count388
\dotsspace@=\muskip17
\c@parentequation=\count389
\dspbrk@lvl=\count390
\tag@help=\toks34
\row@=\count391
\column@=\count392
\maxfields@=\count393
\andhelp@=\toks35
\eqnshift@=\dimen273
\alignsep@=\dimen274
\tagshift@=\dimen275
\tagwidth@=\dimen276
\totwidth@=\dimen277
\lineht@=\dimen278
\@envbody=\toks36
\multlinegap=\skip109
\multlinetaggap=\skip110
\mathdisplay@stack=\toks37
LaTeX Info: Redefining \[ on input line 2938.
LaTeX Info: Redefining \] on input line 2939.
) (/usr/local/texlive/2022/texmf-dist/tex/latex/chemgreek/chemgreek.sty
Package: chemgreek 2020/01/16 v1.1a interface for upright Greek letters for use in chemistry (CN)
\l__chemgreek_tmpa_int=\count394
\g__chemgreek_tmpa_int=\count395
)
\l__mhchem_ce_distanceFromLastComma_int=\count396
\__mhchem_arrow_extPgfLength_skip=\skip111
\mhchem@minispace@tmp=\skip112
\mhchem@minibackspace@tmp=\skip113
\mhchem@bondwidth=\skip114
\mhchem@bondheight=\skip115
\mhchem@smallbondwidth@tmpA=\skip116
\mhchem@smallbondwidth@tmpB=\skip117
\mhchem@smallbondwidth=\skip118
\mhchem@bondtmp@minussidebearingleft=\skip119
\mhchem@bondtmp@minussidebearingright=\skip120
\l__mhchem_option_version_int=\count397
\mhchem@option@minusmathsidebearingleft=\dimen279
\mhchem@option@minusmathsidebearingright=\dimen280
\mhchem@option@minustextsidebearingleft=\dimen281
\mhchem@option@minustextsidebearingright=\dimen282
) (/usr/local/texlive/2022/texmf-dist/tex/latex/siunitx/siunitx.sty
Package: siunitx 2022-02-15 v3.0.49 A comprehensive (SI) units package
\l__siunitx_angle_tmp_dim=\dimen283
\l__siunitx_angle_marker_box=\box69
\l__siunitx_angle_unit_box=\box70
\l__siunitx_compound_count_int=\count398
 (/usr/local/texlive/2022/texmf-dist/tex/latex/translations/translations.sty
Package: translations 2022/02/05 v1.12 internationalization of LaTeX2e packages (CN)
)
\l__siunitx_number_exponent_fixed_int=\count399
\l__siunitx_number_min_decimal_int=\count400
\l__siunitx_number_min_integer_int=\count401
\l__siunitx_number_round_precision_int=\count402
\l__siunitx_number_group_minimum_int=\count403
\l__siunitx_table_tmp_box=\box71
\l__siunitx_table_tmp_dim=\dimen284
\l__siunitx_table_column_width_dim=\dimen285
\l__siunitx_table_integer_box=\box72
\l__siunitx_table_decimal_box=\box73
\l__siunitx_table_before_box=\box74
\l__siunitx_table_after_box=\box75
\l__siunitx_table_before_dim=\dimen286
\l__siunitx_table_carry_dim=\dimen287
\l__siunitx_unit_tmp_int=\count404
\l__siunitx_unit_position_int=\count405
\l__siunitx_unit_total_int=\count406
) (/usr/local/texlive/2022/texmf-dist/tex/latex/listings/listings.sty
\lst@mode=\count407
\lst@gtempboxa=\box76
\lst@token=\toks38
\lst@length=\count408
\lst@currlwidth=\dimen288
\lst@column=\count409
\lst@pos=\count410
\lst@lostspace=\dimen289
\lst@width=\dimen290
\lst@newlines=\count411
\lst@lineno=\count412
\lst@maxwidth=\dimen291
 (/usr/local/texlive/2022/texmf-dist/tex/latex/listings/lstmisc.sty
File: lstmisc.sty 2020/03/24 1.8d (Carsten Heinz)
\c@lstnumber=\count413
\lst@skipnumbers=\count414
\lst@framebox=\box77
) (/usr/local/texlive/2022/texmf-dist/tex/latex/listings/listings.cfg
File: listings.cfg 2020/03/24 1.8d listings configuration
))
Package: listings 2020/03/24 1.8d (Carsten Heinz)
 (/usr/local/texlive/2022/texmf-dist/tex/latex/biblatex/biblatex.sty
Package: biblatex 2022/02/02 v3.17 programmable bibliographies (PK/MW)
 (/usr/local/texlive/2022/texmf-dist/tex/latex/logreq/logreq.sty
Package: logreq 2010/08/04 v1.0 xml request logger
\lrq@indent=\count415
 (/usr/local/texlive/2022/texmf-dist/tex/latex/logreq/logreq.def
File: logreq.def 2010/08/04 v1.0 logreq spec v1.0
))
\c@tabx@nest=\count416
\c@listtotal=\count417
\c@listcount=\count418
\c@liststart=\count419
\c@liststop=\count420
\c@citecount=\count421
\c@citetotal=\count422
\c@multicitecount=\count423
\c@multicitetotal=\count424
\c@instcount=\count425
\c@maxnames=\count426
\c@minnames=\count427
\c@maxitems=\count428
\c@minitems=\count429
\c@citecounter=\count430
\c@maxcitecounter=\count431
\c@savedcitecounter=\count432
\c@uniquelist=\count433
\c@uniquename=\count434
\c@refsection=\count435
\c@refsegment=\count436
\c@maxextratitle=\count437
\c@maxextratitleyear=\count438
\c@maxextraname=\count439
\c@maxextradate=\count440
\c@maxextraalpha=\count441
\c@abbrvpenalty=\count442
\c@highnamepenalty=\count443
\c@lownamepenalty=\count444
\c@maxparens=\count445
\c@parenlevel=\count446
\blx@tempcnta=\count447
\blx@tempcntb=\count448
\blx@tempcntc=\count449
\c@blx@maxsection=\count450
\c@blx@maxsegment@0=\count451
\blx@notetype=\count452
\blx@parenlevel@text=\count453
\blx@parenlevel@foot=\count454
\c@blx@sectionciteorder@0=\count455
\blx@entrysetcounter=\count456
\blx@biblioinstance=\count457
\labelnumberwidth=\skip121
\labelalphawidth=\skip122
\biblabelsep=\skip123
\bibitemsep=\skip124
\bibnamesep=\skip125
\bibinitsep=\skip126
\bibparsep=\skip127
\bibhang=\skip128
\blx@bcfin=\read6
\blx@bcfout=\write7
\blx@langwohyphens=\language87
\c@mincomprange=\count458
\c@maxcomprange=\count459
\c@mincompwidth=\count460
Package biblatex Info: Trying to load biblatex default data model...
Package biblatex Info: ... file 'blx-dm.def' found.
 (/usr/local/texlive/2022/texmf-dist/tex/latex/biblatex/blx-dm.def
File: blx-dm.def 2022/02/02 v3.17 biblatex localization (PK/MW)
)
Package biblatex Info: Trying to load biblatex style data model...
Package biblatex Info: ... file 'authoryear-comp.dbx' not found.
Package biblatex Info: Trying to load biblatex custom data model...
Package biblatex Info: ... file 'biblatex-dm.cfg' not found.
\c@afterword=\count461
\c@savedafterword=\count462
\c@annotator=\count463
\c@savedannotator=\count464
\c@author=\count465
\c@savedauthor=\count466
\c@bookauthor=\count467
\c@savedbookauthor=\count468
\c@commentator=\count469
\c@savedcommentator=\count470
\c@editor=\count471
\c@savededitor=\count472
\c@editora=\count473
\c@savededitora=\count474
\c@editorb=\count475
\c@savededitorb=\count476
\c@editorc=\count477
\c@savededitorc=\count478
\c@foreword=\count479
\c@savedforeword=\count480
\c@holder=\count481
\c@savedholder=\count482
\c@introduction=\count483
\c@savedintroduction=\count484
\c@namea=\count485
\c@savednamea=\count486
\c@nameb=\count487
\c@savednameb=\count488
\c@namec=\count489
\c@savednamec=\count490
\c@translator=\count491
\c@savedtranslator=\count492
\c@shortauthor=\count493
\c@savedshortauthor=\count494
\c@shorteditor=\count495
\c@savedshorteditor=\count496
\c@labelname=\count497
\c@savedlabelname=\count498
\c@institution=\count499
\c@savedinstitution=\count500
\c@lista=\count501
\c@savedlista=\count502
\c@listb=\count503
\c@savedlistb=\count504
\c@listc=\count505
\c@savedlistc=\count506
\c@listd=\count507
\c@savedlistd=\count508
\c@liste=\count509
\c@savedliste=\count510
\c@listf=\count511
\c@savedlistf=\count512
\c@location=\count513
\c@savedlocation=\count514
\c@organization=\count515
\c@savedorganization=\count516
\c@origlocation=\count517
\c@savedoriglocation=\count518
\c@origpublisher=\count519
\c@savedorigpublisher=\count520
\c@publisher=\count521
\c@savedpublisher=\count522
\c@language=\count523
\c@savedlanguage=\count524
\c@origlanguage=\count525
\c@savedoriglanguage=\count526
\c@pageref=\count527
\c@savedpageref=\count528
\shorthandwidth=\skip129
\shortjournalwidth=\skip130
\shortserieswidth=\skip131
\shorttitlewidth=\skip132
\shortauthorwidth=\skip133
\shorteditorwidth=\skip134
\locallabelnumberwidth=\skip135
\locallabelalphawidth=\skip136
\localshorthandwidth=\skip137
\localshortjournalwidth=\skip138
\localshortserieswidth=\skip139
\localshorttitlewidth=\skip140
\localshortauthorwidth=\skip141
\localshorteditorwidth=\skip142
Package biblatex Info: Trying to load enhanced support for Unicode engines...
Package biblatex Info: ... file 'blx-unicode.def' found.
 (/usr/local/texlive/2022/texmf-dist/tex/latex/biblatex/blx-unicode.def)
Package biblatex Info: Trying to load compatibility code...
Package biblatex Info: ... file 'blx-compat.def' found.
 (/usr/local/texlive/2022/texmf-dist/tex/latex/biblatex/blx-compat.def
File: blx-compat.def 2022/02/02 v3.17 biblatex compatibility (PK/MW)
)
Package biblatex Info: Trying to load BibTeX backend compatibility...
Package biblatex Info: ... file 'blx-bibtex.def' found.
 (/usr/local/texlive/2022/texmf-dist/tex/latex/biblatex/blx-bibtex.def
File: blx-bibtex.def 2022/02/02 v3.17 biblatex compatibility (PK/MW)


Package biblatex Warning: Using fall-back BibTeX(8) backend:
(biblatex)                functionality may be reduced/unavailable.

)
Package biblatex Info: Trying to load generic definitions...
Package biblatex Info: ... file 'biblatex.def' found.
 (/usr/local/texlive/2022/texmf-dist/tex/latex/biblatex/biblatex.def
File: biblatex.def 2022/02/02 v3.17 biblatex compatibility (PK/MW)
\c@textcitecount=\count529
\c@textcitetotal=\count530
\c@textcitemaxnames=\count531
\c@biburlbigbreakpenalty=\count532
\c@biburlbreakpenalty=\count533
\c@biburlnumpenalty=\count534
\c@biburlucpenalty=\count535
\c@biburllcpenalty=\count536
\biburlbigskip=\muskip18
\biburlnumskip=\muskip19
\biburlucskip=\muskip20
\biburllcskip=\muskip21
\c@smartand=\count537
)
Package biblatex Info: Trying to load bibliography style 'authoryear'...
Package biblatex Info: ... file 'authoryear.bbx' found.
 (/usr/local/texlive/2022/texmf-dist/tex/latex/biblatex/bbx/authoryear.bbx
File: authoryear.bbx 2022/02/02 v3.17 biblatex bibliography style (PK/MW)
Package biblatex Info: Trying to load bibliography style 'standard'...
Package biblatex Info: ... file 'standard.bbx' found.
 (/usr/local/texlive/2022/texmf-dist/tex/latex/biblatex/bbx/standard.bbx
File: standard.bbx 2022/02/02 v3.17 biblatex bibliography style (PK/MW)
\c@bbx:relatedcount=\count538
\c@bbx:relatedtotal=\count539
))
Package biblatex Info: Trying to load citation style 'authoryear-comp'...
Package biblatex Info: ... file 'authoryear-comp.cbx' found.
 (/usr/local/texlive/2022/texmf-dist/tex/latex/biblatex/cbx/authoryear-comp.cbx
File: authoryear-comp.cbx 2022/02/02 v3.17 biblatex citation style (PK/MW)
Package biblatex Info: Redefining '\cite'.
Package biblatex Info: Redefining '\parencite'.
Package biblatex Info: Redefining '\footcite'.
Package biblatex Info: Redefining '\footcitetext'.
Package biblatex Info: Redefining '\smartcite'.
Package biblatex Info: Redefining '\textcite'.
Package biblatex Info: Redefining '\textcites'.
Package biblatex Info: Redefining '\cites'.
Package biblatex Info: Redefining '\parencites'.
Package biblatex Info: Redefining '\footcites'.
Package biblatex Info: Redefining '\footcitetexts'.
Package biblatex Info: Redefining '\smartcites'.
)
Package biblatex Info: Trying to load configuration file...
Package biblatex Info: ... file 'biblatex.cfg' found.
 (/usr/local/texlive/2022/texmf-dist/tex/latex/biblatex/biblatex.cfg
File: biblatex.cfg 
)
Package biblatex Info: XeTeX detected.
(biblatex)             Assuming input encoding 'utf8'.
Package biblatex Info: Document encoding is UTF8 ....
Package biblatex Info: ... and expl3
(biblatex)             2022-02-24 L3 programming layer (loader) 
(biblatex)             is new enough (at least 2020/04/06),
(biblatex)             setting 'casechanger=expl3'.
 (/usr/local/texlive/2022/texmf-dist/tex/latex/biblatex/blx-case-expl3.sty
Package: blx-case-expl3 2022/02/02 v3.17 expl3 case changing code for biblatex
))
Package translations Info: No language package found. I am going to use `english' as default language. on input line 182.
\@quotelevel=\count540
\@quotereset=\count541
 (./thesis_main.aux)
\openout1 = `thesis_main.aux'.

LaTeX Font Info:    Checking defaults for OML/cmm/m/it on input line 182.
LaTeX Font Info:    ... okay on input line 182.
LaTeX Font Info:    Checking defaults for OMS/cmsy/m/n on input line 182.
LaTeX Font Info:    ... okay on input line 182.
LaTeX Font Info:    Checking defaults for OT1/cmr/m/n on input line 182.
LaTeX Font Info:    ... okay on input line 182.
LaTeX Font Info:    Checking defaults for T1/cmr/m/n on input line 182.
LaTeX Font Info:    ... okay on input line 182.
LaTeX Font Info:    Checking defaults for TS1/cmr/m/n on input line 182.
LaTeX Font Info:    Trying to load font information for TS1+cmr on input line 182.
 (/usr/local/texlive/2022/texmf-dist/tex/latex/base/ts1cmr.fd
File: ts1cmr.fd 2019/12/16 v2.5j Standard LaTeX font definitions
)
LaTeX Font Info:    ... okay on input line 182.
LaTeX Font Info:    Checking defaults for TU/lmr/m/n on input line 182.
LaTeX Font Info:    ... okay on input line 182.
LaTeX Font Info:    Checking defaults for OMX/cmex/m/n on input line 182.
LaTeX Font Info:    ... okay on input line 182.
LaTeX Font Info:    Checking defaults for U/cmr/m/n on input line 182.
LaTeX Font Info:    ... okay on input line 182.
LaTeX Font Info:    Checking defaults for PD1/pdf/m/n on input line 182.
LaTeX Font Info:    ... okay on input line 182.
LaTeX Font Info:    Checking defaults for PU/pdf/m/n on input line 182.
LaTeX Font Info:    ... okay on input line 182.

*geometry* driver: auto-detecting
*geometry* detected driver: xetex
*geometry* verbose mode - [ preamble ] result:
* driver: xetex
* paper: a4paper
* layout: <same size as paper>
* layoutoffset:(h,v)=(0.0pt,0.0pt)
* bindingoffset: 28.45274pt
* modes: includehead includefoot twoside 
* h-part:(L,W,R)=(71.13188pt, 426.79137pt, 71.13188pt)
* v-part:(T,H,B)=(71.13188pt, 702.78308pt, 71.13188pt)
* \paperwidth=597.50787pt
* \paperheight=845.04684pt
* \textwidth=426.79137pt
* \textheight=635.78308pt
* \oddsidemargin=27.31464pt
* \evensidemargin=-1.1381pt
* \topmargin=-1.1381pt
* \headheight=15.0pt
* \headsep=25.0pt
* \topskip=12.0pt
* \footskip=30.0pt
* \marginparwidth=85.0pt
* \marginparsep=10.0pt
* \columnsep=10.0pt
* \skip\footins=10.8pt plus 4.0pt minus 2.0pt
* \hoffset=0.0pt
* \voffset=0.0pt
* \mag=1000
* \@twocolumnfalse
* \@twosidetrue
* \@mparswitchtrue
* \@reversemarginfalse
* (1in=72.27pt=25.4mm, 1cm=28.453pt)


Package fontspec Info: Adjusting the maths setup (use [no-math] to avoid
(fontspec)             this).

\symlegacymaths=\mathgroup7
LaTeX Font Info:    Overwriting symbol font `legacymaths' in version `bold'
(Font)                  OT1/cmr/m/n --> OT1/cmr/bx/n on input line 182.
LaTeX Font Info:    Redeclaring math accent \acute on input line 182.
LaTeX Font Info:    Redeclaring math accent \grave on input line 182.
LaTeX Font Info:    Redeclaring math accent \ddot on input line 182.
LaTeX Font Info:    Redeclaring math accent \tilde on input line 182.
LaTeX Font Info:    Redeclaring math accent \bar on input line 182.
LaTeX Font Info:    Redeclaring math accent \breve on input line 182.
LaTeX Font Info:    Redeclaring math accent \check on input line 182.
LaTeX Font Info:    Redeclaring math accent \hat on input line 182.
LaTeX Font Info:    Redeclaring math accent \dot on input line 182.
LaTeX Font Info:    Redeclaring math accent \mathring on input line 182.
LaTeX Font Info:    Redeclaring math symbol \Gamma on input line 182.
LaTeX Font Info:    Redeclaring math symbol \Delta on input line 182.
LaTeX Font Info:    Redeclaring math symbol \Theta on input line 182.
LaTeX Font Info:    Redeclaring math symbol \Lambda on input line 182.
LaTeX Font Info:    Redeclaring math symbol \Xi on input line 182.
LaTeX Font Info:    Redeclaring math symbol \Pi on input line 182.
LaTeX Font Info:    Redeclaring math symbol \Sigma on input line 182.
LaTeX Font Info:    Redeclaring math symbol \Upsilon on input line 182.
LaTeX Font Info:    Redeclaring math symbol \Phi on input line 182.
LaTeX Font Info:    Redeclaring math symbol \Psi on input line 182.
LaTeX Font Info:    Redeclaring math symbol \Omega on input line 182.
LaTeX Font Info:    Redeclaring math symbol \mathdollar on input line 182.
LaTeX Font Info:    Redeclaring symbol font `operators' on input line 182.
LaTeX Font Info:    Encoding `OT1' has changed to `TU' for symbol font
(Font)              `operators' in the math version `normal' on input line 182.
LaTeX Font Info:    Overwriting symbol font `operators' in version `normal'
(Font)                  OT1/cmr/m/n --> TU/AdobeGaramondPro(0)/m/n on input line 182.
LaTeX Font Info:    Encoding `OT1' has changed to `TU' for symbol font
(Font)              `operators' in the math version `bold' on input line 182.
LaTeX Font Info:    Overwriting symbol font `operators' in version `bold'
(Font)                  OT1/cmr/bx/n --> TU/AdobeGaramondPro(0)/m/n on input line 182.
LaTeX Font Info:    Overwriting symbol font `operators' in version `normal'
(Font)                  TU/AdobeGaramondPro(0)/m/n --> TU/AdobeGaramondPro(0)/m/n on input line 182.
LaTeX Font Info:    Overwriting math alphabet `\mathit' in version `normal'
(Font)                  OT1/cmr/m/it --> TU/AdobeGaramondPro(0)/m/it on input line 182.
LaTeX Font Info:    Overwriting math alphabet `\mathbf' in version `normal'
(Font)                  OT1/cmr/bx/n --> TU/AdobeGaramondPro(0)/b/n on input line 182.
LaTeX Font Info:    Overwriting math alphabet `\mathsf' in version `normal'
(Font)                  OT1/cmss/m/n --> TU/Futura(0)/m/n on input line 182.
LaTeX Font Info:    Overwriting math alphabet `\mathtt' in version `normal'
(Font)                  OT1/cmtt/m/n --> TU/lmtt/m/n on input line 182.
LaTeX Font Info:    Overwriting symbol font `operators' in version `bold'
(Font)                  TU/AdobeGaramondPro(0)/m/n --> TU/AdobeGaramondPro(0)/b/n on input line 182.
LaTeX Font Info:    Overwriting math alphabet `\mathit' in version `bold'
(Font)                  OT1/cmr/bx/it --> TU/AdobeGaramondPro(0)/b/it on input line 182.
LaTeX Font Info:    Overwriting math alphabet `\mathsf' in version `bold'
(Font)                  OT1/cmss/bx/n --> TU/Futura(0)/b/n on input line 182.
LaTeX Font Info:    Overwriting math alphabet `\mathtt' in version `bold'
(Font)                  OT1/cmtt/m/n --> TU/lmtt/b/n on input line 182.
Package caption Info: Begin \AtBeginDocument code.
Package caption Info: hyperref package is loaded.
Package caption Info: listings package is loaded.
Package caption Info: longtable package is loaded.
(/usr/local/texlive/2022/texmf-dist/tex/latex/caption/ltcaption.sty
Package: ltcaption 2021/01/08 v1.4c longtable captions (AR)
)
Package caption Info: rotating package is loaded.
Package caption Info: End \AtBeginDocument code.
Package hyperref Info: Link coloring OFF on input line 182.
 (/usr/local/texlive/2022/texmf-dist/tex/latex/hyperref/nameref.sty
Package: nameref 2021-04-02 v2.47 Cross-referencing by name of section
 (/usr/local/texlive/2022/texmf-dist/tex/latex/refcount/refcount.sty
Package: refcount 2019/12/15 v3.6 Data extraction from label references (HO)
) (/usr/local/texlive/2022/texmf-dist/tex/generic/gettitlestring/gettitlestring.sty
Package: gettitlestring 2019/12/15 v1.6 Cleanup title references (HO)
)
\c@section@level=\count542
)
LaTeX Info: Redefining \ref on input line 182.
LaTeX Info: Redefining \pageref on input line 182.
LaTeX Info: Redefining \nameref on input line 182.
 (./thesis_main.out) (./thesis_main.out)
\@outlinefile=\write8
\openout8 = `thesis_main.out'.


Package chemgreek Info: Activating mapping `fontspec' on line 182.

 (/usr/local/texlive/2022/texmf-dist/tex/latex/translations/translations-basic-dictionary-english.trsl
File: translations-basic-dictionary-english.trsl (english translation file `translations-basic-dictionary')
)
Package translations Info: loading dictionary `translations-basic-dictionary' for `english'. on input line 182.
\c@lstlisting=\count543
Package biblatex Info: Trying to load language 'english'...
Package biblatex Info: ... file 'english.lbx' found.
 (/usr/local/texlive/2022/texmf-dist/tex/latex/biblatex/lbx/english.lbx
File: english.lbx 2022/02/02 v3.17 biblatex localization (PK/MW)
)
Package biblatex Info: XeTeX detected.
(biblatex)             Assuming input encoding 'utf8'.
Package biblatex Info: Automatic encoding selection.
(biblatex)             Assuming data encoding 'utf8'.
Package biblatex Info: XeTeX detected.
(biblatex)             Assuming input encoding 'utf8'.
Package biblatex Info: Data encoding 'utf8' specified.
(biblatex)             No need to reencode data.
\openout7 = `thesis_main-blx.bib'.

Package biblatex Info: Trying to load bibliographic data...
Package biblatex Info: ... file 'thesis_main.bbl' found.
 (./thesis_main.bbl
Invalid UTF-8 byte or sequence at line 763 replaced by U+FFFD.
Invalid UTF-8 byte or sequence at line 767 replaced by U+FFFD.
Invalid UTF-8 byte or sequence at line 798 replaced by U+FFFD.
Invalid UTF-8 byte or sequence at line 10812 replaced by U+FFFD.
Invalid UTF-8 byte or sequence at line 10816 replaced by U+FFFD.
Invalid UTF-8 byte or sequence at line 10876 replaced by U+FFFD.
Invalid UTF-8 byte or sequence at line 10877 replaced by U+FFFD.
)
Package biblatex Info: Reference section=0 on input line 182.
Package biblatex Info: Reference segment=0 on input line 182.
 (./chapters/title.tex [1

]) (./chapters/abstract.tex) [1

] (./chapters/acknowledgements.tex) [2

] (./thesis_main.toc
LaTeX Font Info:    Trying to load font information for U+msa on input line 4.
 (/usr/local/texlive/2022/texmf-dist/tex/latex/amsfonts/umsa.fd
File: umsa.fd 2013/01/14 v3.01 AMS symbols A
)
LaTeX Font Info:    Trying to load font information for U+msb on input line 4.
 (/usr/local/texlive/2022/texmf-dist/tex/latex/amsfonts/umsb.fd
File: umsb.fd 2013/01/14 v3.01 AMS symbols B
) [3

])
\tf@toc=\write9
\openout9 = `thesis_main.toc'.

 [4] (./chapters/introduction.tex
Missing character: There is no  (U+200B) in font Adobe Garamond Pro/OT:script=latn;language=dflt;mapping=tex-text;!
[1

]
Underfull \vbox (badness 6348) has occurred while \output is active []

 [2] [3] [4] [5]
Underfull \vbox (badness 2671) has occurred while \output is active []

 [6] [7]

Package biblatex Warning: The refcontext option
(biblatex)                'sorting'
(biblatex)                is not supported by the BibTeX backend.
(biblatex)                Consider switching to Biber instead.
(biblatex)                The option will be ignored on input line 150.

[8]
Overfull \hbox (0.96939pt too wide) in paragraph at lines 150--150
\TU/AdobeGaramondPro(0)/m/n/12 dimensional culture. en. In: \TU/AdobeGaramondPro(0)/m/it/12 Nature \TU/AdobeGaramondPro(0)/m/n/12 472.7341, pp. 5156. \TU/AdobeGaramondPro(0)/m/sc/12 doi\TU/AdobeGaramondPro(0)/m/n/12 : []$[][] [] [][][][] [] [][][][][][][][][][][]$[]. 
 []


Overfull \hbox (0.48843pt too wide) in paragraph at lines 150--150
\TU/AdobeGaramondPro(0)/m/it/12 tional Academy of Sciences \TU/AdobeGaramondPro(0)/m/n/12 110.50, pp. 2028420289. \TU/AdobeGaramondPro(0)/m/sc/12 doi\TU/AdobeGaramondPro(0)/m/n/12 : []$[][] [] [][][][] [] [][][][] [] [][][][][][][][][][]$[]. 
 []

Missing character: There is no  (U+FFFD) in font Adobe Garamond Pro/OT:script=latn;language=dflt;mapping=tex-text;!
[9]
Overfull \hbox (3.01353pt too wide) in paragraph at lines 150--150
\TU/AdobeGaramondPro(0)/m/n/12 tent stem cells in 3D culture. eng. In: \TU/AdobeGaramondPro(0)/m/it/12 Nature methods \TU/AdobeGaramondPro(0)/m/n/12 12.7. Edition: 2015/05/25, pp. 671
 []

[10] [11] [12]
Overfull \hbox (6.80363pt too wide) in paragraph at lines 150--150
[][]\TU/AdobeGaramondPro(0)/m/n/12 Klaus, J. et al. (Apr. 2019). Altered neuronal migratory trajectories in human cerebral organoids
 []

[13]
Overfull \hbox (0.89857pt too wide) in paragraph at lines 150--150
\TU/AdobeGaramondPro(0)/m/n/12 tions When Fused with Cortical Organoids. In: \TU/AdobeGaramondPro(0)/m/it/12 Cell Stem Cell \TU/AdobeGaramondPro(0)/m/n/12 24.3. Edition: 2019/02/26,
 []

[14]
Missing character: There is no  (U+FFFD) in font Adobe Garamond Pro/OT:script=latn;language=dflt;mapping=tex-text;!
[15]) (./chapters/voxhunt.tex
Overfull \hbox (10.0788pt too wide) in paragraph at lines 2--2
[]\TU/Futura(0)/b/n/20.74 Resolving organoid brain region iden-
 []


Underfull \vbox (badness 1502) has occurred while \output is active []

 [16


]

Package fancyhdr Warning: \headheight is too small (15.0pt): 
(fancyhdr)                Make it at least 26.80603pt, for example:
(fancyhdr)                \setlength{\headheight}{26.80603pt}.
(fancyhdr)                You might also make \topmargin smaller to compensate:
(fancyhdr)                \addtolength{\topmargin}{-11.80603pt}.

[17]
Underfull \vbox (badness 10000) has occurred while \output is active []



Package fancyhdr Warning: \headheight is too small (15.0pt): 
(fancyhdr)                Make it at least 26.80603pt, for example:
(fancyhdr)                \setlength{\headheight}{26.80603pt}.
(fancyhdr)                You might also make \topmargin smaller to compensate:
(fancyhdr)                \addtolength{\topmargin}{-11.80603pt}.

[18]
File: figures/voxhunt/Figure_1.png Graphic file (type bmp)
<figures/voxhunt/Figure_1.png>


Package fancyhdr Warning: \headheight is too small (15.0pt): 
(fancyhdr)                Make it at least 26.80603pt, for example:
(fancyhdr)                \setlength{\headheight}{26.80603pt}.
(fancyhdr)                You might also make \topmargin smaller to compensate:
(fancyhdr)                \addtolength{\topmargin}{-11.80603pt}.

[19]
File: figures/voxhunt/Figure_2.png Graphic file (type bmp)
<figures/voxhunt/Figure_2.png>


Package fancyhdr Warning: \headheight is too small (15.0pt): 
(fancyhdr)                Make it at least 26.80603pt, for example:
(fancyhdr)                \setlength{\headheight}{26.80603pt}.
(fancyhdr)                You might also make \topmargin smaller to compensate:
(fancyhdr)                \addtolength{\topmargin}{-11.80603pt}.

[20]
File: figures/voxhunt/Figure_3.png Graphic file (type bmp)
<figures/voxhunt/Figure_3.png>


Package fancyhdr Warning: \headheight is too small (15.0pt): 
(fancyhdr)                Make it at least 26.80603pt, for example:
(fancyhdr)                \setlength{\headheight}{26.80603pt}.
(fancyhdr)                You might also make \topmargin smaller to compensate:
(fancyhdr)                \addtolength{\topmargin}{-11.80603pt}.

[21]

LaTeX Warning: Text page 22 contains only floats.


Underfull \vbox (badness 5578) has occurred while \output is active []



Package fancyhdr Warning: \headheight is too small (15.0pt): 
(fancyhdr)                Make it at least 26.80603pt, for example:
(fancyhdr)                \setlength{\headheight}{26.80603pt}.
(fancyhdr)                You might also make \topmargin smaller to compensate:
(fancyhdr)                \addtolength{\topmargin}{-11.80603pt}.

[22]
File: figures/voxhunt/Figure_4.png Graphic file (type bmp)
<figures/voxhunt/Figure_4.png>

Underfull \vbox (badness 1655) has occurred while \output is active []



Package fancyhdr Warning: \headheight is too small (15.0pt): 
(fancyhdr)                Make it at least 26.80603pt, for example:
(fancyhdr)                \setlength{\headheight}{26.80603pt}.
(fancyhdr)                You might also make \topmargin smaller to compensate:
(fancyhdr)                \addtolength{\topmargin}{-11.80603pt}.

[23]
Underfull \vbox (badness 10000) has occurred while \output is active []



Package fancyhdr Warning: \headheight is too small (15.0pt): 
(fancyhdr)                Make it at least 26.80603pt, for example:
(fancyhdr)                \setlength{\headheight}{26.80603pt}.
(fancyhdr)                You might also make \topmargin smaller to compensate:
(fancyhdr)                \addtolength{\topmargin}{-11.80603pt}.

[24]
Underfull \vbox (badness 1655) has occurred while \output is active []



Package fancyhdr Warning: \headheight is too small (15.0pt): 
(fancyhdr)                Make it at least 26.80603pt, for example:
(fancyhdr)                \setlength{\headheight}{26.80603pt}.
(fancyhdr)                You might also make \topmargin smaller to compensate:
(fancyhdr)                \addtolength{\topmargin}{-11.80603pt}.

[25]
File: figures/voxhunt/Figure_5.png Graphic file (type bmp)
<figures/voxhunt/Figure_5.png>


Package fancyhdr Warning: \headheight is too small (15.0pt): 
(fancyhdr)                Make it at least 26.80603pt, for example:
(fancyhdr)                \setlength{\headheight}{26.80603pt}.
(fancyhdr)                You might also make \topmargin smaller to compensate:
(fancyhdr)                \addtolength{\topmargin}{-11.80603pt}.

[26]
File: figures/voxhunt/Figure_6.png Graphic file (type bmp)
<figures/voxhunt/Figure_6.png>


Package fancyhdr Warning: \headheight is too small (15.0pt): 
(fancyhdr)                Make it at least 26.80603pt, for example:
(fancyhdr)                \setlength{\headheight}{26.80603pt}.
(fancyhdr)                You might also make \topmargin smaller to compensate:
(fancyhdr)                \addtolength{\topmargin}{-11.80603pt}.

[27]
Overfull \hbox (6.74574pt too wide) in paragraph at lines 171--173
 []\TU/Futura(0)/m/n/12 Assessing organoid patterning using multiplexed transcriptomics and reference map-
 []


Package fancyhdr Warning: \headheight is too small (15.0pt): 
(fancyhdr)                Make it at least 26.80603pt, for example:
(fancyhdr)                \setlength{\headheight}{26.80603pt}.
(fancyhdr)                You might also make \topmargin smaller to compensate:
(fancyhdr)                \addtolength{\topmargin}{-11.80603pt}.

[28]
File: figures/voxhunt/Figure_7.png Graphic file (type bmp)
<figures/voxhunt/Figure_7.png>

Underfull \vbox (badness 10000) has occurred while \output is active []



Package fancyhdr Warning: \headheight is too small (15.0pt): 
(fancyhdr)                Make it at least 26.80603pt, for example:
(fancyhdr)                \setlength{\headheight}{26.80603pt}.
(fancyhdr)                You might also make \topmargin smaller to compensate:
(fancyhdr)                \addtolength{\topmargin}{-11.80603pt}.

[29]
Underfull \vbox (badness 1152) has occurred while \output is active []



Package fancyhdr Warning: \headheight is too small (15.0pt): 
(fancyhdr)                Make it at least 26.80603pt, for example:
(fancyhdr)                \setlength{\headheight}{26.80603pt}.
(fancyhdr)                You might also make \topmargin smaller to compensate:
(fancyhdr)                \addtolength{\topmargin}{-11.80603pt}.

[30]
Overfull \hbox (15.54767pt too wide) in paragraph at lines 208--210
\TU/AdobeGaramondPro(0)/m/n/12 NKX2.1GFP/w hESCs (passage 69) were trypsinized using TrypLETM Express Enzyme (Thermo
 []


Package fancyhdr Warning: \headheight is too small (15.0pt): 
(fancyhdr)                Make it at least 26.80603pt, for example:
(fancyhdr)                \setlength{\headheight}{26.80603pt}.
(fancyhdr)                You might also make \topmargin smaller to compensate:
(fancyhdr)                \addtolength{\topmargin}{-11.80603pt}.

[31]

Package fancyhdr Warning: \headheight is too small (15.0pt): 
(fancyhdr)                Make it at least 26.80603pt, for example:
(fancyhdr)                \setlength{\headheight}{26.80603pt}.
(fancyhdr)                You might also make \topmargin smaller to compensate:
(fancyhdr)                \addtolength{\topmargin}{-11.80603pt}.

[32]
Overfull \hbox (4.19951pt too wide) in paragraph at lines 224--225
 []\TU/Futura(0)/m/n/12 Sequencing of SS2 libraries[] \TU/AdobeGaramondPro(0)/m/n/12 The pooled libraries were appropriately diluted and sequenced
 []


Overfull \hbox (13.64365pt too wide) in paragraph at lines 227--228
\TU/AdobeGaramondPro(0)/m/n/12 (ABA) Developing Mouse Brain Data Portal (http://help.brain-map.org/display/devmouse/API).
 []


Package fancyhdr Warning: \headheight is too small (15.0pt): 
(fancyhdr)                Make it at least 26.80603pt, for example:
(fancyhdr)                \setlength{\headheight}{26.80603pt}.
(fancyhdr)                You might also make \topmargin smaller to compensate:
(fancyhdr)                \addtolength{\topmargin}{-11.80603pt}.

[33]

Package fancyhdr Warning: \headheight is too small (15.0pt): 
(fancyhdr)                Make it at least 26.80603pt, for example:
(fancyhdr)                \setlength{\headheight}{26.80603pt}.
(fancyhdr)                You might also make \topmargin smaller to compensate:
(fancyhdr)                \addtolength{\topmargin}{-11.80603pt}.

[34]
Overfull \hbox (3.78062pt too wide) in paragraph at lines 236--237
\TU/AdobeGaramondPro(0)/m/n/12 human brain was obtained from BrainSpan ([]http://www.brainspan.org/static/download.html[]).
 []


Package fancyhdr Warning: \headheight is too small (15.0pt): 
(fancyhdr)                Make it at least 26.80603pt, for example:
(fancyhdr)                \setlength{\headheight}{26.80603pt}.
(fancyhdr)                You might also make \topmargin smaller to compensate:
(fancyhdr)                \addtolength{\topmargin}{-11.80603pt}.

[35]
Overfull \hbox (0.70934pt too wide) in paragraph at lines 245--246
 []\TU/Futura(0)/m/n/12 Correlation of single-cell transcriptomes to brain structures[] \TU/AdobeGaramondPro(0)/m/n/12 To determine best match-
 []


Underfull \vbox (badness 10000) has occurred while \output is active []



Package fancyhdr Warning: \headheight is too small (15.0pt): 
(fancyhdr)                Make it at least 26.80603pt, for example:
(fancyhdr)                \setlength{\headheight}{26.80603pt}.
(fancyhdr)                You might also make \topmargin smaller to compensate:
(fancyhdr)                \addtolength{\topmargin}{-11.80603pt}.

[36]
Underfull \vbox (badness 4819) has occurred while \output is active []



Package fancyhdr Warning: \headheight is too small (15.0pt): 
(fancyhdr)                Make it at least 26.80603pt, for example:
(fancyhdr)                \setlength{\headheight}{26.80603pt}.
(fancyhdr)                You might also make \topmargin smaller to compensate:
(fancyhdr)                \addtolength{\topmargin}{-11.80603pt}.

[37]

Package fancyhdr Warning: \headheight is too small (15.0pt): 
(fancyhdr)                Make it at least 26.80603pt, for example:
(fancyhdr)                \setlength{\headheight}{26.80603pt}.
(fancyhdr)                You might also make \topmargin smaller to compensate:
(fancyhdr)                \addtolength{\topmargin}{-11.80603pt}.

[38]

Package fancyhdr Warning: \headheight is too small (15.0pt): 
(fancyhdr)                Make it at least 26.80603pt, for example:
(fancyhdr)                \setlength{\headheight}{26.80603pt}.
(fancyhdr)                You might also make \topmargin smaller to compensate:
(fancyhdr)                \addtolength{\topmargin}{-11.80603pt}.

[39]

Package fancyhdr Warning: \headheight is too small (15.0pt): 
(fancyhdr)                Make it at least 26.80603pt, for example:
(fancyhdr)                \setlength{\headheight}{26.80603pt}.
(fancyhdr)                You might also make \topmargin smaller to compensate:
(fancyhdr)                \addtolength{\topmargin}{-11.80603pt}.

[40]

Package biblatex Warning: The refcontext option
(biblatex)                'sorting'
(biblatex)                is not supported by the BibTeX backend.
(biblatex)                Consider switching to Biber instead.
(biblatex)                The option will be ignored on input line 285.


Overfull \hbox (0.96939pt too wide) in paragraph at lines 285--285
\TU/AdobeGaramondPro(0)/m/n/12 dimensional culture. en. In: \TU/AdobeGaramondPro(0)/m/it/12 Nature \TU/AdobeGaramondPro(0)/m/n/12 472.7341, pp. 5156. \TU/AdobeGaramondPro(0)/m/sc/12 doi\TU/AdobeGaramondPro(0)/m/n/12 : []$[][] [] [][][][] [] [][][][][][][][][][][]$[]. 
 []


Overfull \hbox (0.48843pt too wide) in paragraph at lines 285--285
\TU/AdobeGaramondPro(0)/m/it/12 tional Academy of Sciences \TU/AdobeGaramondPro(0)/m/n/12 110.50, pp. 2028420289. \TU/AdobeGaramondPro(0)/m/sc/12 doi\TU/AdobeGaramondPro(0)/m/n/12 : []$[][] [] [][][][] [] [][][][] [] [][][][][][][][][][]$[]. 
 []

Missing character: There is no  (U+FFFD) in font Adobe Garamond Pro/OT:script=latn;language=dflt;mapping=tex-text;!
[41] [42]
Overfull \hbox (3.01353pt too wide) in paragraph at lines 285--285
\TU/AdobeGaramondPro(0)/m/n/12 tent stem cells in 3D culture. eng. In: \TU/AdobeGaramondPro(0)/m/it/12 Nature methods \TU/AdobeGaramondPro(0)/m/n/12 12.7. Edition: 2015/05/25, pp. 671
 []

[43] [44]
Overfull \hbox (6.80363pt too wide) in paragraph at lines 285--285
[][]\TU/AdobeGaramondPro(0)/m/n/12 Klaus, J. et al. (Apr. 2019). Altered neuronal migratory trajectories in human cerebral organoids
 []

[45]
Overfull \hbox (0.89857pt too wide) in paragraph at lines 285--285
\TU/AdobeGaramondPro(0)/m/n/12 tions When Fused with Cortical Organoids. In: \TU/AdobeGaramondPro(0)/m/it/12 Cell Stem Cell \TU/AdobeGaramondPro(0)/m/n/12 24.3. Edition: 2019/02/26,
 []

[46]
Missing character: There is no  (U+FFFD) in font Adobe Garamond Pro/OT:script=latn;language=dflt;mapping=tex-text;!
[47] [48]) (./chapters/pando.tex
Overfull \hbox (4.37056pt too wide) in paragraph at lines 2--2
[]\TU/Futura(0)/b/n/20.74 Inferring and perturbing cell fate reg-
 []


Overfull \hbox (7.48082pt too wide) in paragraph at lines 15--27
\TU/AdobeGaramondPro(0)/m/n/12 Jonas Simon Fleck$[]$, Sophie Martina Johanna Jansen$[]$, Damian Wollny$[]$, Fides Zenk$[]$, Makiko
 []

) [49


] [50] (./chapters/asd.tex
Overfull \hbox (41.50056pt too wide) in paragraph at lines 2--2
[]\TU/Futura(0)/b/n/20.74 Single-cell CRISPR screening in organoids
 []

)
Underfull \vbox (badness 10000) has occurred while \output is active []

 [51

] [52] (./chapters/cnt.tex
Overfull \hbox (21.11043pt too wide) in paragraph at lines 2--2
[]\TU/Futura(0)/b/n/20.74 Single cell epigenomic landscape of hu-
 []

) [53

] (./thesis_main.aux)
Package rerunfilecheck Info: File `thesis_main.out' has not changed.
(rerunfilecheck)             Checksum: 40463F927CE15A93E4E2ABC6CAB4D62D;6951.
Package logreq Info: Writing requests to 'thesis_main.run.xml'.
\openout1 = `thesis_main.run.xml'.

 ) 
Here is how much of TeX's memory you used:
 37768 strings out of 476179
 754370 string characters out of 5809545
 1705241 words of memory out of 5000000
 57993 multiletter control sequences out of 15000+600000
 478260 words of font info for 95 fonts, out of 8000000 for 9000
 1348 hyphenation exceptions out of 8191
 108i,12n,106p,2927b,5504s stack positions out of 10000i,1000n,20000p,200000b,200000s

Output written on thesis_main.xdv (58 pages, 1376848 bytes).
